2022-01-01 12:50:45,028 INFO: Initialized curve data.
2022-01-01 12:50:45,032 INFO: Setting up initial twist data...
2022-01-01 12:50:46,369 INFO: Twist setup complete.
2022-01-01 12:50:46,369 INFO: Searching for rational points on each twist...
2022-01-01 12:50:48,514 INFO: Finished searching for rational points on each twist.
2022-01-01 12:50:48,514 INFO: Testing local solvability of twists...
2022-01-01 12:50:59,717 INFO: Finished local solvability testing.
2022-01-01 12:50:59,723 INFO: Computing elliptic curve a-invariants...
2022-01-01 12:51:09,338 INFO: Finished computation of a-invariants.
2022-01-01 12:51:09,340 INFO: Skipped MW computation because no base point (delta = ['1', '0', '1'])
2022-01-01 12:51:09,340 INFO: Skipped MW computation because no base point (delta = ['4', '-4', '-12', '9', '0', '1'])
2022-01-01 12:51:09,340 INFO: Computing MW group (delta = ['4', '0', '-10', '-1', '-1'], g = [-1, 1])...
2022-01-01 12:51:09,795 INFO: Finished MW computation (delta = ['4', '0', '-10', '-1', '-1'], g = [-1, 1])
2022-01-01 12:51:09,797 INFO: Computing MW group (delta = ['4', '0', '-10', '-1', '-1'], g = [-4, -1, 11, 1, 1])...
2022-01-01 12:51:29,084 INFO: Finished MW computation (delta = ['4', '0', '-10', '-1', '-1'], g = [-4, -1, 11, 1, 1])
2022-01-01 12:51:29,087 INFO: Computing MW group (delta = ['4', '-4', '-12', '10', '0', '1'], g = [-1, 1])...
2022-01-01 12:51:29,439 INFO: Finished MW computation (delta = ['4', '-4', '-12', '10', '0', '1'], g = [-1, 1])
2022-01-01 12:51:29,441 INFO: Computing MW group (delta = ['4', '-4', '-12', '10', '0', '1'], g = [-4, -1, 11, 1, 1])...
2022-01-01 12:51:50,070 INFO: Finished MW computation (delta = ['4', '-4', '-12', '10', '0', '1'], g = [-4, -1, 11, 1, 1])
2022-01-01 12:51:50,073 INFO: Computing MW group (delta = ['1'], g = [-1, 1])...
2022-01-01 12:51:50,447 INFO: Finished MW computation (delta = ['1'], g = [-1, 1])
2022-01-01 12:51:50,449 INFO: Computing MW group (delta = ['1'], g = [-4, -1, 11, 1, 1])...
2022-01-01 12:52:01,134 INFO: Finished MW computation (delta = ['1'], g = [-4, -1, 11, 1, 1])
2022-01-01 12:52:01,138 INFO: Computing MW group (delta = ['16', '-20', '-49', '61', '3', '5'], g = [-1, 1])...
2022-01-01 12:52:01,482 INFO: Finished MW computation (delta = ['16', '-20', '-49', '61', '3', '5'], g = [-1, 1])
2022-01-01 12:52:01,484 INFO: Computing MW group (delta = ['16', '-20', '-49', '61', '3', '5'], g = [-4, -1, 11, 1, 1])...
2022-01-01 12:52:25,219 INFO: Finished MW computation (delta = ['16', '-20', '-49', '61', '3', '5'], g = [-4, -1, 11, 1, 1])
2022-01-01 12:52:25,222 INFO: Skipped MW computation because no base point (delta = ['16', '-16', '-48', '50', '1', '5'])
2022-01-01 12:52:25,222 INFO: Computing MW group (delta = ['4', '4', '-9', '-13', '-1', '-1'], g = [-1, 1])...
2022-01-01 12:52:25,575 INFO: Finished MW computation (delta = ['4', '4', '-9', '-13', '-1', '-1'], g = [-1, 1])
2022-01-01 12:52:25,577 INFO: Computing MW group (delta = ['4', '4', '-9', '-13', '-1', '-1'], g = [-4, -1, 11, 1, 1])...
2022-01-01 12:53:05,669 INFO: Finished MW computation (delta = ['4', '4', '-9', '-13', '-1', '-1'], g = [-4, -1, 11, 1, 1])
2022-01-01 12:53:05,675 INFO: Reducing MW generators...
2022-01-01 12:53:12,987 INFO: Finished reducing MW generators.
2022-01-01 12:53:12,991 INFO: Skipped Chabauty because no base point (delta = ['1', '0', '1'])
2022-01-01 12:53:12,991 INFO: Skipped Chabauty because no base point (delta = ['4', '-4', '-12', '9', '0', '1'])
2022-01-01 12:53:12,991 INFO: Running elliptic Chabauty (delta = ['4', '0', '-10', '-1', '-1'], g = [-1, 1])...
2022-01-01 12:53:17,750 ERROR: An exception occurred. Recording data and exiting.
Traceback (most recent call last):
  File "/share/pkg.7/sagemath/9.3/install/lib/python3.9/site-packages/sage/interfaces/expect.py", line 1468, in __init__
    self._name = parent._create(value, name=name)
  File "/share/pkg.7/sagemath/9.3/install/lib/python3.9/site-packages/sage/interfaces/interface.py", line 500, in _create
    self.set(name, value)
  File "/share/pkg.7/sagemath/9.3/install/lib/python3.9/site-packages/sage/interfaces/magma.py", line 626, in set
    out = self.eval("%s:=%s" % (var, value))
  File "/share/pkg.7/sagemath/9.3/install/lib/python3.9/site-packages/sage/interfaces/magma.py", line 560, in eval
    raise RuntimeError("Error evaluating Magma code.\nIN:%s\nOUT:%s" % (x, ans))
RuntimeError: Error evaluating Magma code.
IN:_sage_[49]:=twist_chabauty(_sage_[25],_sage_[6],_sage_[4],_sage_[22],_sage_[3],_sage_[33],_sage_[48]);
OUT:
twist_chabauty(
f: t^6 + 10*t^4 - 12*t^3 - 3*t^2 + 4*t,
root: 0,
g: t - 1,
delta: -t^4 - t^3 - 10*t^2 + 4,
base_pt: [ 3, 1, 1, 1, 1 ],
MW_orders: [ 0, 0 ],
MW_gens: [ [ [ 4 ], [ -5 ], [ 1 ] ], [ [ -1 ], [ -5 ], [ 1 ] ] ]
)
MyChabauty(
MWmap: Mapping from: GrpAb: MWgrp to CrvEll: E given by a rule [no ...,
Ecov:  Composition of ($.1 : $.2 : $.3) -> (-1/2*$.1*$.3 - $.2*$.3...
)
NewRelevantCosets(
MWmap: Mapping from: GrpAb: MWgrp to CrvEll: E given by a rule [no ...,
Ecov:  Composition of ($.1 : $.2 : $.3) -> (-1/2*$.1*$.3 - $.2*$.3...,
p: 3
)
In file "/project/arithgeo/drhast/twocover-descent/ellchab-patch/ellchab-MWS-patched.m", line 22, column 37:
>>   Prs:=[LookupPrime(P): P in Support(p*IntegerRing(BaseRing(E)))| 
                                       ^
Runtime error in 'Support': Bad argument types
Argument types given: RngInt


During handling of the above exception, another exception occurred:

Traceback (most recent call last):
  File "/project/arithgeo/drhast/twocover-descent/./twocover-processor.sage.py", line 562, in <module>
    pts = twist_chabauty(curve, twist_index=i, g_index=j)
  File "/project/arithgeo/drhast/twocover-descent/./twocover-processor.sage.py", line 344, in twist_chabauty
    pts = magma.function_call("twist_chabauty",
  File "/share/pkg.7/sagemath/9.3/install/lib/python3.9/site-packages/sage/interfaces/magma.py", line 1162, in function_call
    return self._do_call(fun, nvals)
  File "/share/pkg.7/sagemath/9.3/install/lib/python3.9/site-packages/sage/interfaces/magma.py", line 1212, in _do_call
    return self(code)
  File "/share/pkg.7/sagemath/9.3/install/lib/python3.9/site-packages/sage/interfaces/magma.py", line 791, in __call__
    A = Expect.__call__(self, x)
  File "/share/pkg.7/sagemath/9.3/install/lib/python3.9/site-packages/sage/interfaces/interface.py", line 295, in __call__
    return cls(self, x, name=name)
  File "/share/pkg.7/sagemath/9.3/install/lib/python3.9/site-packages/sage/interfaces/expect.py", line 1473, in __init__
    raise TypeError(*x.args)
TypeError: Error evaluating Magma code.
IN:_sage_[49]:=twist_chabauty(_sage_[25],_sage_[6],_sage_[4],_sage_[22],_sage_[3],_sage_[33],_sage_[48]);
OUT:
twist_chabauty(
f: t^6 + 10*t^4 - 12*t^3 - 3*t^2 + 4*t,
root: 0,
g: t - 1,
delta: -t^4 - t^3 - 10*t^2 + 4,
base_pt: [ 3, 1, 1, 1, 1 ],
MW_orders: [ 0, 0 ],
MW_gens: [ [ [ 4 ], [ -5 ], [ 1 ] ], [ [ -1 ], [ -5 ], [ 1 ] ] ]
)
MyChabauty(
MWmap: Mapping from: GrpAb: MWgrp to CrvEll: E given by a rule [no ...,
Ecov:  Composition of ($.1 : $.2 : $.3) -> (-1/2*$.1*$.3 - $.2*$.3...
)
NewRelevantCosets(
MWmap: Mapping from: GrpAb: MWgrp to CrvEll: E given by a rule [no ...,
Ecov:  Composition of ($.1 : $.2 : $.3) -> (-1/2*$.1*$.3 - $.2*$.3...,
p: 3
)
In file "/project/arithgeo/drhast/twocover-descent/ellchab-patch/ellchab-MWS-patched.m", line 22, column 37:
>>   Prs:=[LookupPrime(P): P in Support(p*IntegerRing(BaseRing(E)))| 
                                       ^
Runtime error in 'Support': Bad argument types
Argument types given: RngInt

2022-01-03 13:14:58,000 INFO: Obsolete "loc_solv_error" keys removed.
2022-01-10 22:39:05,222 INFO: Loaded curve data from file.
2022-01-10 22:39:05,223 INFO: Skipped Chabauty because no base point (delta = ['1', '0', '1'])
2022-01-10 22:39:05,223 INFO: Skipped Chabauty because no base point (delta = ['4', '-4', '-12', '9', '0', '1'])
2022-01-10 22:39:05,223 INFO: Skipped Chabauty because rank >= degree(g). (delta = ['4', '0', '-10', '-1', '-1'], g = [-1, 1])
2022-01-10 22:39:05,223 INFO: Running elliptic Chabauty (delta = ['4', '0', '-10', '-1', '-1'], g = [-4, -1, 11, 1, 1])...
2022-01-10 22:39:28,664 INFO: Chabauty completed successfully (delta = ['4', '0', '-10', '-1', '-1'], g = [-4, -1, 11, 1, 1]).
2022-01-10 22:39:28,669 INFO: Skipped Chabauty because rank >= degree(g). (delta = ['4', '-4', '-12', '10', '0', '1'], g = [-1, 1])
2022-01-10 22:39:28,669 INFO: Running elliptic Chabauty (delta = ['4', '-4', '-12', '10', '0', '1'], g = [-4, -1, 11, 1, 1])...
2022-01-10 22:39:35,606 INFO: Chabauty completed successfully (delta = ['4', '-4', '-12', '10', '0', '1'], g = [-4, -1, 11, 1, 1]).
2022-01-10 22:39:35,609 INFO: Skipped Chabauty because rank >= degree(g). (delta = ['1'], g = [-1, 1])
2022-01-10 22:39:35,610 INFO: Running elliptic Chabauty (delta = ['1'], g = [-4, -1, 11, 1, 1])...
2022-01-10 22:39:42,263 INFO: Chabauty completed successfully (delta = ['1'], g = [-4, -1, 11, 1, 1]).
2022-01-10 22:39:42,267 INFO: Skipped Chabauty because rank >= degree(g). (delta = ['16', '-20', '-49', '61', '3', '5'], g = [-1, 1])
2022-01-10 22:39:42,267 INFO: Running elliptic Chabauty (delta = ['16', '-20', '-49', '61', '3', '5'], g = [-4, -1, 11, 1, 1])...
2022-01-10 22:39:51,911 INFO: Chabauty completed successfully (delta = ['16', '-20', '-49', '61', '3', '5'], g = [-4, -1, 11, 1, 1]).
2022-01-10 22:39:51,914 INFO: Skipped Chabauty because no base point (delta = ['16', '-16', '-48', '50', '1', '5'])
2022-01-10 22:39:51,914 INFO: Skipped Chabauty because rank >= degree(g). (delta = ['4', '4', '-9', '-13', '-1', '-1'], g = [-1, 1])
2022-01-10 22:39:51,914 INFO: Skipped Chabauty because rank >= degree(g). (delta = ['4', '4', '-9', '-13', '-1', '-1'], g = [-4, -1, 11, 1, 1])
2022-01-10 22:39:52,142 INFO: Tasks complete. Recording data and exiting.
