2022-01-01 12:50:43,359 INFO: Initialized curve data.
2022-01-01 12:50:43,361 INFO: Setting up initial twist data...
2022-01-01 12:50:45,068 INFO: Twist setup complete.
2022-01-01 12:50:45,068 INFO: Searching for rational points on each twist...
2022-01-01 12:50:47,856 INFO: Finished searching for rational points on each twist.
2022-01-01 12:50:47,857 INFO: Testing local solvability of twists...
2022-01-01 12:51:02,620 INFO: Finished local solvability testing.
2022-01-01 12:51:02,622 INFO: Computing elliptic curve a-invariants...
2022-01-01 12:51:06,966 INFO: Finished computation of a-invariants.
2022-01-01 12:51:06,968 INFO: Computing MW group (delta = ['-103', '-211/2', '831', '-3201/2', '1179', '-387'], g = [1, -2, 2])...
2022-01-01 12:51:09,335 INFO: Finished MW computation (delta = ['-103', '-211/2', '831', '-3201/2', '1179', '-387'], g = [1, -2, 2])
2022-01-01 12:51:09,339 INFO: Computing MW group (delta = ['-103', '-211/2', '831', '-3201/2', '1179', '-387'], g = [1, 3, -4, 2])...
2022-01-01 12:51:18,002 INFO: Finished MW computation (delta = ['-103', '-211/2', '831', '-3201/2', '1179', '-387'], g = [1, 3, -4, 2])
2022-01-01 12:51:18,005 INFO: Computing MW group (delta = ['1'], g = [1, -2, 2])...
2022-01-01 12:51:21,245 INFO: Finished MW computation (delta = ['1'], g = [1, -2, 2])
2022-01-01 12:51:21,248 INFO: Computing MW group (delta = ['1'], g = [1, 3, -4, 2])...
2022-01-01 12:51:25,397 INFO: Finished MW computation (delta = ['1'], g = [1, 3, -4, 2])
2022-01-01 12:51:25,400 INFO: Computing MW group (delta = ['4', '13', '-14', '33', '-30', '14'], g = [1, -2, 2])...
2022-01-01 12:51:28,621 INFO: Finished MW computation (delta = ['4', '13', '-14', '33', '-30', '14'], g = [1, -2, 2])
2022-01-01 12:51:28,624 INFO: Computing MW group (delta = ['4', '13', '-14', '33', '-30', '14'], g = [1, 3, -4, 2])...
2022-01-01 12:51:47,760 INFO: Finished MW computation (delta = ['4', '13', '-14', '33', '-30', '14'], g = [1, 3, -4, 2])
2022-01-01 12:51:47,763 INFO: Skipped MW computation because no base point (delta = ['-3/2', '-9', '3', '4', '-4'])
2022-01-01 12:51:47,763 INFO: Computing MW group (delta = ['1', '2', '-7', '16', '-12', '4'], g = [1, -2, 2])...
2022-01-01 12:51:50,062 INFO: Finished MW computation (delta = ['1', '2', '-7', '16', '-12', '4'], g = [1, -2, 2])
2022-01-01 12:51:50,065 INFO: Computing MW group (delta = ['1', '2', '-7', '16', '-12', '4'], g = [1, 3, -4, 2])...
2022-01-01 12:51:53,585 INFO: Finished MW computation (delta = ['1', '2', '-7', '16', '-12', '4'], g = [1, 3, -4, 2])
2022-01-01 12:51:53,589 INFO: Computing MW group (delta = ['0', '0', '-8', '16', '-12', '4'], g = [1, -2, 2])...
2022-01-01 12:51:55,434 INFO: Finished MW computation (delta = ['0', '0', '-8', '16', '-12', '4'], g = [1, -2, 2])
2022-01-01 12:51:55,437 INFO: Computing MW group (delta = ['0', '0', '-8', '16', '-12', '4'], g = [1, 3, -4, 2])...
2022-01-01 12:52:07,564 INFO: Finished MW computation (delta = ['0', '0', '-8', '16', '-12', '4'], g = [1, 3, -4, 2])
2022-01-01 12:52:07,569 INFO: Skipped MW computation because no base point (delta = ['-40', '-41', '318', '-641', '480', '-160'])
2022-01-01 12:52:07,569 INFO: Computing MW group (delta = ['7/2', '3', '-75/2', '42', '-19', '2'], g = [1, -2, 2])...
2022-01-01 12:52:13,829 INFO: Finished MW computation (delta = ['7/2', '3', '-75/2', '42', '-19', '2'], g = [1, -2, 2])
2022-01-01 12:52:13,833 INFO: Computing MW group (delta = ['7/2', '3', '-75/2', '42', '-19', '2'], g = [1, 3, -4, 2])...
2022-01-01 12:52:21,028 INFO: Finished MW computation (delta = ['7/2', '3', '-75/2', '42', '-19', '2'], g = [1, 3, -4, 2])
2022-01-01 12:52:21,034 INFO: Reducing MW generators...
2022-01-01 12:52:28,537 INFO: Finished reducing MW generators.
2022-01-01 12:52:28,541 INFO: Running elliptic Chabauty (delta = ['-103', '-211/2', '831', '-3201/2', '1179', '-387'], g = [1, -2, 2])...
2022-01-01 12:52:39,262 ERROR: An exception occurred. Recording data and exiting.
Traceback (most recent call last):
  File "/share/pkg.7/sagemath/9.3/install/lib/python3.9/site-packages/sage/interfaces/expect.py", line 1468, in __init__
    self._name = parent._create(value, name=name)
  File "/share/pkg.7/sagemath/9.3/install/lib/python3.9/site-packages/sage/interfaces/interface.py", line 500, in _create
    self.set(name, value)
  File "/share/pkg.7/sagemath/9.3/install/lib/python3.9/site-packages/sage/interfaces/magma.py", line 626, in set
    out = self.eval("%s:=%s" % (var, value))
  File "/share/pkg.7/sagemath/9.3/install/lib/python3.9/site-packages/sage/interfaces/magma.py", line 560, in eval
    raise RuntimeError("Error evaluating Magma code.\nIN:%s\nOUT:%s" % (x, ans))
RuntimeError: Error evaluating Magma code.
IN:_sage_[65]:=twist_chabauty(_sage_[24],_sage_[32],_sage_[4],_sage_[22],_sage_[6],_sage_[33],_sage_[64]);
OUT:
twist_chabauty(
f: 4*t^6 - 8*t^5 + 4*t^4 + 8*t^3 - 7*t^2 + 2*t + 1,
root: -1,
g: 2*t^2 - 2*t + 1,
delta: -387*t^5 + 1179*t^4 - 3201/2*t^3 + 831*t^2 - 211/2*t - 103,
base_pt: [ 97, -37, 27, 33, 32 ],
MW_orders: [ 0, 0, 0 ],
MW_gens: [ [ [ 1, 0 ], [ 0, 2 ], [ 1, 0 ] ], [ [ -2, 2 ], [ -2, 0 ], ...
)
In file "twocovers.m", line 506, column 15:
>>     gens := [E![K!c : c in coords] : coords in MW_gens];
                 ^
Runtime error in '!': Point does not lie in scheme


During handling of the above exception, another exception occurred:

Traceback (most recent call last):
  File "/project/arithgeo/drhast/twocover-descent/./twocover-processor.sage.py", line 562, in <module>
    pts = twist_chabauty(curve, twist_index=i, g_index=j)
  File "/project/arithgeo/drhast/twocover-descent/./twocover-processor.sage.py", line 344, in twist_chabauty
    pts = magma.function_call("twist_chabauty",
  File "/share/pkg.7/sagemath/9.3/install/lib/python3.9/site-packages/sage/interfaces/magma.py", line 1162, in function_call
    return self._do_call(fun, nvals)
  File "/share/pkg.7/sagemath/9.3/install/lib/python3.9/site-packages/sage/interfaces/magma.py", line 1212, in _do_call
    return self(code)
  File "/share/pkg.7/sagemath/9.3/install/lib/python3.9/site-packages/sage/interfaces/magma.py", line 791, in __call__
    A = Expect.__call__(self, x)
  File "/share/pkg.7/sagemath/9.3/install/lib/python3.9/site-packages/sage/interfaces/interface.py", line 295, in __call__
    return cls(self, x, name=name)
  File "/share/pkg.7/sagemath/9.3/install/lib/python3.9/site-packages/sage/interfaces/expect.py", line 1473, in __init__
    raise TypeError(*x.args)
TypeError: Error evaluating Magma code.
IN:_sage_[65]:=twist_chabauty(_sage_[24],_sage_[32],_sage_[4],_sage_[22],_sage_[6],_sage_[33],_sage_[64]);
OUT:
twist_chabauty(
f: 4*t^6 - 8*t^5 + 4*t^4 + 8*t^3 - 7*t^2 + 2*t + 1,
root: -1,
g: 2*t^2 - 2*t + 1,
delta: -387*t^5 + 1179*t^4 - 3201/2*t^3 + 831*t^2 - 211/2*t - 103,
base_pt: [ 97, -37, 27, 33, 32 ],
MW_orders: [ 0, 0, 0 ],
MW_gens: [ [ [ 1, 0 ], [ 0, 2 ], [ 1, 0 ] ], [ [ -2, 2 ], [ -2, 0 ], ...
)
In file "twocovers.m", line 506, column 15:
>>     gens := [E![K!c : c in coords] : coords in MW_gens];
                 ^
Runtime error in '!': Point does not lie in scheme

2022-01-03 13:14:58,000 INFO: Obsolete "loc_solv_error" keys removed.
2022-01-10 22:39:03,205 INFO: Loaded curve data from file.
2022-01-10 22:39:03,206 INFO: Skipped Chabauty because rank >= degree(g). (delta = ['-103', '-211/2', '831', '-3201/2', '1179', '-387'], g = [1, -2, 2])
2022-01-10 22:39:03,206 INFO: Running elliptic Chabauty (delta = ['-103', '-211/2', '831', '-3201/2', '1179', '-387'], g = [1, 3, -4, 2])...
2022-01-10 22:39:18,487 INFO: Chabauty completed successfully (delta = ['-103', '-211/2', '831', '-3201/2', '1179', '-387'], g = [1, 3, -4, 2]).
2022-01-10 22:39:18,492 INFO: Skipped Chabauty because rank >= degree(g). (delta = ['1'], g = [1, -2, 2])
2022-01-10 22:39:18,492 INFO: Running elliptic Chabauty (delta = ['1'], g = [1, 3, -4, 2])...
2022-01-10 22:39:30,194 INFO: Chabauty completed successfully (delta = ['1'], g = [1, 3, -4, 2]).
2022-01-10 22:39:30,197 INFO: Skipped Chabauty because rank >= degree(g). (delta = ['4', '13', '-14', '33', '-30', '14'], g = [1, -2, 2])
2022-01-10 22:39:30,197 INFO: Running elliptic Chabauty (delta = ['4', '13', '-14', '33', '-30', '14'], g = [1, 3, -4, 2])...
2022-01-10 22:39:44,569 INFO: Chabauty completed successfully (delta = ['4', '13', '-14', '33', '-30', '14'], g = [1, 3, -4, 2]).
2022-01-10 22:39:44,572 INFO: Skipped Chabauty because no base point (delta = ['-3/2', '-9', '3', '4', '-4'])
2022-01-10 22:39:44,572 INFO: Skipped Chabauty because rank >= degree(g). (delta = ['1', '2', '-7', '16', '-12', '4'], g = [1, -2, 2])
2022-01-10 22:39:44,572 INFO: Running elliptic Chabauty (delta = ['1', '2', '-7', '16', '-12', '4'], g = [1, 3, -4, 2])...
2022-01-10 22:39:57,091 INFO: Chabauty completed successfully (delta = ['1', '2', '-7', '16', '-12', '4'], g = [1, 3, -4, 2]).
2022-01-10 22:39:57,094 INFO: Skipped Chabauty because rank >= degree(g). (delta = ['0', '0', '-8', '16', '-12', '4'], g = [1, -2, 2])
2022-01-10 22:39:57,094 INFO: Skipped Chabauty because rank >= degree(g). (delta = ['0', '0', '-8', '16', '-12', '4'], g = [1, 3, -4, 2])
2022-01-10 22:39:57,094 INFO: Skipped Chabauty because no base point (delta = ['-40', '-41', '318', '-641', '480', '-160'])
2022-01-10 22:39:57,094 INFO: Running elliptic Chabauty (delta = ['7/2', '3', '-75/2', '42', '-19', '2'], g = [1, -2, 2])...
2022-01-10 22:40:08,285 INFO: Chabauty completed successfully (delta = ['7/2', '3', '-75/2', '42', '-19', '2'], g = [1, -2, 2]).
2022-01-10 22:40:08,288 INFO: Skipped Chabauty because twist points already verified. (delta = ['7/2', '3', '-75/2', '42', '-19', '2'])
2022-01-10 22:40:08,595 INFO: Tasks complete. Recording data and exiting.
2022-02-12 16:52:01,269 INFO: Loaded curve data from file.
2022-02-12 16:52:01,269 INFO: Computing elliptic Chabauty map... (delta = ['-103', '-211/2', '831', '-3201/2', '1179', '-387'], g = [1, -2, 2])
2022-02-12 16:52:12,780 INFO: Elliptic Chabauty map computed. (delta = ['-103', '-211/2', '831', '-3201/2', '1179', '-387'], g = [1, -2, 2])
2022-02-12 16:52:12,784 INFO: Computing elliptic Chabauty map... (delta = ['-103', '-211/2', '831', '-3201/2', '1179', '-387'], g = [1, 3, -4, 2])
2022-02-12 16:52:24,435 INFO: Elliptic Chabauty map computed. (delta = ['-103', '-211/2', '831', '-3201/2', '1179', '-387'], g = [1, 3, -4, 2])
2022-02-12 16:52:24,438 INFO: Computing elliptic Chabauty map... (delta = ['1'], g = [1, -2, 2])
2022-02-12 16:52:35,690 INFO: Elliptic Chabauty map computed. (delta = ['1'], g = [1, -2, 2])
2022-02-12 16:52:35,694 INFO: Computing elliptic Chabauty map... (delta = ['1'], g = [1, 3, -4, 2])
2022-02-12 16:52:47,260 INFO: Elliptic Chabauty map computed. (delta = ['1'], g = [1, 3, -4, 2])
2022-02-12 16:52:47,264 INFO: Computing elliptic Chabauty map... (delta = ['4', '13', '-14', '33', '-30', '14'], g = [1, -2, 2])
2022-02-12 16:52:58,707 INFO: Elliptic Chabauty map computed. (delta = ['4', '13', '-14', '33', '-30', '14'], g = [1, -2, 2])
2022-02-12 16:52:58,712 INFO: Computing elliptic Chabauty map... (delta = ['4', '13', '-14', '33', '-30', '14'], g = [1, 3, -4, 2])
2022-02-12 16:53:10,412 INFO: Elliptic Chabauty map computed. (delta = ['4', '13', '-14', '33', '-30', '14'], g = [1, 3, -4, 2])
2022-02-12 16:53:10,416 INFO: Computing elliptic Chabauty map... (delta = ['1', '2', '-7', '16', '-12', '4'], g = [1, -2, 2])
2022-02-12 16:53:21,637 INFO: Elliptic Chabauty map computed. (delta = ['1', '2', '-7', '16', '-12', '4'], g = [1, -2, 2])
2022-02-12 16:53:21,641 INFO: Computing elliptic Chabauty map... (delta = ['1', '2', '-7', '16', '-12', '4'], g = [1, 3, -4, 2])
2022-02-12 16:53:33,224 INFO: Elliptic Chabauty map computed. (delta = ['1', '2', '-7', '16', '-12', '4'], g = [1, 3, -4, 2])
2022-02-12 16:53:33,231 INFO: Computing elliptic Chabauty map... (delta = ['0', '0', '-8', '16', '-12', '4'], g = [1, -2, 2])
2022-02-12 16:53:44,490 INFO: Elliptic Chabauty map computed. (delta = ['0', '0', '-8', '16', '-12', '4'], g = [1, -2, 2])
2022-02-12 16:53:44,496 INFO: Computing elliptic Chabauty map... (delta = ['0', '0', '-8', '16', '-12', '4'], g = [1, 3, -4, 2])
2022-02-12 16:53:56,037 INFO: Elliptic Chabauty map computed. (delta = ['0', '0', '-8', '16', '-12', '4'], g = [1, 3, -4, 2])
2022-02-12 16:53:56,044 INFO: Computing elliptic Chabauty map... (delta = ['7/2', '3', '-75/2', '42', '-19', '2'], g = [1, -2, 2])
2022-02-12 16:54:07,341 INFO: Elliptic Chabauty map computed. (delta = ['7/2', '3', '-75/2', '42', '-19', '2'], g = [1, -2, 2])
2022-02-12 16:54:07,348 INFO: Computing elliptic Chabauty map... (delta = ['7/2', '3', '-75/2', '42', '-19', '2'], g = [1, 3, -4, 2])
2022-02-12 16:54:18,916 INFO: Elliptic Chabauty map computed. (delta = ['7/2', '3', '-75/2', '42', '-19', '2'], g = [1, 3, -4, 2])
2022-02-12 16:54:18,923 INFO: Tasks complete. Recording data and exiting.
